INFO: [SIM 2] *************** CSIM start ***************
INFO: [SIM 4] CSIM will launch GCC as the compiler.
   Compiling ../../../../test_hart.cpp in debug mode
   Compiling ../../../../OP_AL_32I.cpp in debug mode
   Compiling ../../../../hart.cpp in debug mode
   Compiling ../../../../mem.cpp in debug mode
   Generating csim.exe
0 0x500113
0x0
4 0x0a10093
0x0f
8 0x0c00393
0x0f
c 0x53f093
0x4
10 0x0a00493
0x4
14 0x34e093
0x0b
18 0x0a00593
0x0b
1c 0x55c093
0x0f
20 0x500693
0x0f
24 0x269093
0x14
28 0x1400793
0x14
2c 0x37d093
0x2
30 -0x13ff76d
0x2
34 0x4028d093
-0x5
38 -0x4ff66d
-0x5
3c 0x39a093
0x1
40 0x7ff00a93
0x1
44 0x2ab093
0x0
48 0x2b3
0x0
4c 0x328293
0x0
50 0x1b3
0x0
54 0x518193
0x0
58 0x5180b3
0x08
5c 0x233
0x08
60 0x0a20213
0x08
64 0x405200b3
0x7
68 0x3b3
0x7
6c 0x0c38393
0x7
70 0x53f0b3
0x0
74 0x4b3
0x0
78 0x0a48493
0x0
7c 0x54e0b3
0x0b
80 0x5b3
0x0b
84 0x0a58593
0x0b
88 0x55c0b3
0x09
8c 0x6b3
0x09
90 0x568693
0x09
94 0x5690b3
0x28
98 0x7b3
0x28
9c 0x1478793
0x28
a0 0x57d0b3
0x2
a4 0x08b3
0x2
a8 -0x137776d
0x2
ac 0x4058d0b3
-0x3
b0 0x09b3
-0x3
b4 -0x46766d
-0x3
b8 0x59a0b3
0x1
bc 0x0ab3
0x1
c0 0x7ffa8a93
0x1
c4 0x5ab0b3
0x0
INFO: [SIM 1] CSim done with 0 errors.
INFO: [SIM 3] *************** CSIM finish ***************
